Info: Start Nativelink Simulation process

========= EDA Simulation Settings =====================

Sim Mode              :  Gate
Family                :  maxii
Quartus root          :  c:/programs/intelfpga_lite/17.0/quartus/bin64/
Quartus sim root      :  c:/programs/intelfpga_lite/17.0/quartus/eda/sim_lib
Simulation Tool       :  modelsim-altera
Simulation Language   :  verilog
Simulation Mode       :  GUI
Sim Output File       :  l1.vo
Sim SDF file          :  l1__verilog.sdo
Sim dir               :  simulation\modelsim

=======================================================

Info: Starting NativeLink simulation with ModelSim-Altera software
Sourced NativeLink script c:/programs/intelfpga_lite/17.0/quartus/common/tcl/internal/nativelink/modelsim.tcl
Probing transcript
ModelSim-Altera Info: # Reading C:/Programs/intelFPGA_lite/17.0/modelsim_ase/tcl/vsim/pref.tcl
ModelSim-Altera Info: # do l1_run_msim_gate_verilog.do
ModelSim-Altera Info: # if {[file exists gate_work]} {
ModelSim-Altera Info: # 	vdel -lib gate_work -all
ModelSim-Altera Info: # }
ModelSim-Altera Info: # vlib gate_work
ModelSim-Altera Info: # vmap work gate_work
ModelSim-Altera Info: # Model Technology ModelSim - Intel FPGA Edition vmap 10.5b Lib Mapping Utility 2016.10 Oct  5 2016
ModelSim-Altera Info: # vmap work gate_work 
ModelSim-Altera Info: # Copying C:/Programs/intelFPGA_lite/17.0/modelsim_ase/win32aloem/../modelsim.ini to modelsim.ini
ModelSim-Altera Info: # Modifying modelsim.ini
ModelSim-Altera Info: # 
ModelSim-Altera Info: # vlog -vlog01compat -work work +incdir+. {l1.vo}
ModelSim-Altera Info: # Model Technology ModelSim - Intel FPGA Edition vlog 10.5b Compiler 2016.10 Oct  5 2016
ModelSim-Altera Info: # Start time: 18:59:38 on Oct 17,2017
ModelSim-Altera Info: # vlog -reportprogress 300 -vlog01compat -work work "+incdir+." l1.vo 
ModelSim-Altera Info: # -- Compiling module l1
ModelSim-Altera Info: # 
ModelSim-Altera Info: # Top level modules:
ModelSim-Altera Info: # 	l1
ModelSim-Altera Info: # End time: 18:59:38 on Oct 17,2017, Elapsed time: 0:00:00
ModelSim-Altera Info: # Errors: 0, Warnings: 0
ModelSim-Altera Info: # 
ModelSim-Altera Info: vsim altera.dff
ModelSim-Altera Info: # vsim altera.dff 
ModelSim-Altera Info: # Start time: 18:59:56 on Oct 17,2017
ModelSim-Altera Info: # Loading std.standard
ModelSim-Altera Info: # Loading std.textio(body)
ModelSim-Altera Info: # Loading ieee.std_logic_1164(body)
ModelSim-Altera Info: # Loading altera.dff(behavior)
ModelSim-Altera Info: # Loading altera.prim_gdff(behavior)
ModelSim-Altera Info: # End time: 19:00:13 on Oct 17,2017, Elapsed time: 0:00:17
ModelSim-Altera Info: # Errors: 0, Warnings: 0
Info: NativeLink simulation flow was successful
